<?xml version="1.0" encoding="UTF-8"?>
<testng-results ignored="0" total="10" passed="8" failed="2" skipped="0">
  <reporter-output>
  </reporter-output>
  <suite started-at="2024-06-09T16:18:51 IST" name="Default suite" finished-at="2024-06-09T16:19:56 IST" duration-ms="65723">
    <groups>
    </groups>
    <test started-at="2024-06-09T16:18:51 IST" name="Default test" finished-at="2024-06-09T16:19:56 IST" duration-ms="65723">
      <class name="testpkg.BMaintest2">
        <test-method is-config="true" signature="setup()[pri:0, instance:testpkg.BMaintest2@194bcebf]" started-at="2024-06-09T16:18:51 IST" name="setup" finished-at="2024-06-09T16:18:53 IST" duration-ms="2863" status="PASS">
          <reporter-output>
          </reporter-output>
        </test-method> <!-- setup -->
        <test-method signature="test()[pri:0, instance:testpkg.BMaintest2@194bcebf]" started-at="2024-06-09T16:18:53 IST" name="test" finished-at="2024-06-09T16:19:00 IST" duration-ms="6158" status="FAIL">
          <exception class="java.io.IOException">
            <message>
              <![CDATA[Failed to select a proxy]]>
            </message>
            <full-stacktrace>
              <![CDATA[java.io.IOException: Failed to select a proxy
at java.base/sun.net.www.protocol.http.HttpURLConnection.plainConnect0(HttpURLConnection.java:1234)
at java.base/sun.net.www.protocol.http.HttpURLConnection.plainConnect(HttpURLConnection.java:1128)
at java.base/sun.net.www.protocol.http.HttpURLConnection.connect(HttpURLConnection.java:1057)
at java.base/sun.net.www.protocol.http.HttpURLConnection.getInputStream0(HttpURLConnection.java:1665)
at java.base/sun.net.www.protocol.http.HttpURLConnection.getInputStream(HttpURLConnection.java:1589)
at java.base/java.net.HttpURLConnection.getResponseCode(HttpURLConnection.java:529)
at testpkg.BMaintest2.verify(BMaintest2.java:116)
at testpkg.BMaintest2.test(BMaintest2.java:106)
at java.base/jdk.internal.reflect.NativeMethodAccessorImpl.invoke0(Native Method)
at java.base/jdk.internal.reflect.NativeMethodAccessorImpl.invoke(NativeMethodAccessorImpl.java:77)
at java.base/jdk.internal.reflect.DelegatingMethodAccessorImpl.invoke(DelegatingMethodAccessorImpl.java:43)
at java.base/java.lang.reflect.Method.invoke(Method.java:568)
at org.testng.internal.MethodInvocationHelper.invokeMethod(MethodInvocationHelper.java:133)
at org.testng.internal.TestInvoker.invokeMethod(TestInvoker.java:598)
at org.testng.internal.TestInvoker.invokeTestMethod(TestInvoker.java:173)
at org.testng.internal.MethodRunner.runInSequence(MethodRunner.java:46)
at org.testng.internal.TestInvoker$MethodInvocationAgent.invoke(TestInvoker.java:824)
at org.testng.internal.TestInvoker.invokeTestMethods(TestInvoker.java:146)
at org.testng.internal.TestMethodWorker.invokeTestMethods(TestMethodWorker.java:146)
at org.testng.internal.TestMethodWorker.run(TestMethodWorker.java:128)
at java.base/java.util.ArrayList.forEach(ArrayList.java:1511)
at org.testng.TestRunner.privateRun(TestRunner.java:794)
at org.testng.TestRunner.run(TestRunner.java:596)
at org.testng.SuiteRunner.runTest(SuiteRunner.java:377)
at org.testng.SuiteRunner.runSequentially(SuiteRunner.java:371)
at org.testng.SuiteRunner.privateRun(SuiteRunner.java:332)
at org.testng.SuiteRunner.run(SuiteRunner.java:276)
at org.testng.SuiteRunnerWorker.runSuite(SuiteRunnerWorker.java:53)
at org.testng.SuiteRunnerWorker.run(SuiteRunnerWorker.java:96)
at org.testng.TestNG.runSuitesSequentially(TestNG.java:1212)
at org.testng.TestNG.runSuitesLocally(TestNG.java:1134)
at org.testng.TestNG.runSuites(TestNG.java:1063)
at org.testng.TestNG.run(TestNG.java:1031)
at org.testng.remote.AbstractRemoteTestNG.run(AbstractRemoteTestNG.java:115)
at org.testng.remote.RemoteTestNG.initAndRun(RemoteTestNG.java:251)
at org.testng.remote.RemoteTestNG.main(RemoteTestNG.java:77)
Caused by: java.lang.IllegalArgumentException: protocol = http host = null
at java.base/sun.net.spi.DefaultProxySelector.select(DefaultProxySelector.java:186)
at java.base/sun.net.www.protocol.http.HttpURLConnection.plainConnect0(HttpURLConnection.java:1232)
... 35 more
]]>
            </full-stacktrace>
          </exception> <!-- java.io.IOException -->
          <reporter-output>
          </reporter-output>
        </test-method> <!-- test -->
        <test-method signature="testlogo()[pri:0, instance:testpkg.BMaintest2@194bcebf]" started-at="2024-06-09T16:19:00 IST" name="testlogo" finished-at="2024-06-09T16:19:00 IST" duration-ms="64" status="PASS">
          <reporter-output>
          </reporter-output>
        </test-method> <!-- testlogo -->
        <test-method signature="verifyPageTitle()[pri:0, instance:testpkg.BMaintest2@194bcebf]" started-at="2024-06-09T16:19:00 IST" name="verifyPageTitle" finished-at="2024-06-09T16:19:00 IST" duration-ms="35" status="FAIL">
          <exception class="java.lang.AssertionError">
            <message>
              <![CDATA[The webpage title does not match the expected title. expected [https://bakeryb.com/my-account/] but found [My account - Bakery B]]]>
            </message>
            <full-stacktrace>
              <![CDATA[java.lang.AssertionError: The webpage title does not match the expected title. expected [https://bakeryb.com/my-account/] but found [My account - Bakery B]
at org.testng.Assert.fail(Assert.java:99)
at org.testng.Assert.failNotEquals(Assert.java:1037)
at org.testng.Assert.assertEqualsImpl(Assert.java:140)
at org.testng.Assert.assertEquals(Assert.java:122)
at org.testng.Assert.assertEquals(Assert.java:629)
at testpkg.BMaintest2.verifyPageTitle(BMaintest2.java:95)
at java.base/jdk.internal.reflect.NativeMethodAccessorImpl.invoke0(Native Method)
at java.base/jdk.internal.reflect.NativeMethodAccessorImpl.invoke(NativeMethodAccessorImpl.java:77)
at java.base/jdk.internal.reflect.DelegatingMethodAccessorImpl.invoke(DelegatingMethodAccessorImpl.java:43)
at java.base/java.lang.reflect.Method.invoke(Method.java:568)
at org.testng.internal.MethodInvocationHelper.invokeMethod(MethodInvocationHelper.java:133)
at org.testng.internal.TestInvoker.invokeMethod(TestInvoker.java:598)
at org.testng.internal.TestInvoker.invokeTestMethod(TestInvoker.java:173)
at org.testng.internal.MethodRunner.runInSequence(MethodRunner.java:46)
at org.testng.internal.TestInvoker$MethodInvocationAgent.invoke(TestInvoker.java:824)
at org.testng.internal.TestInvoker.invokeTestMethods(TestInvoker.java:146)
at org.testng.internal.TestMethodWorker.invokeTestMethods(TestMethodWorker.java:146)
at org.testng.internal.TestMethodWorker.run(TestMethodWorker.java:128)
at java.base/java.util.ArrayList.forEach(ArrayList.java:1511)
at org.testng.TestRunner.privateRun(TestRunner.java:794)
at org.testng.TestRunner.run(TestRunner.java:596)
at org.testng.SuiteRunner.runTest(SuiteRunner.java:377)
at org.testng.SuiteRunner.runSequentially(SuiteRunner.java:371)
at org.testng.SuiteRunner.privateRun(SuiteRunner.java:332)
at org.testng.SuiteRunner.run(SuiteRunner.java:276)
at org.testng.SuiteRunnerWorker.runSuite(SuiteRunnerWorker.java:53)
at org.testng.SuiteRunnerWorker.run(SuiteRunnerWorker.java:96)
at org.testng.TestNG.runSuitesSequentially(TestNG.java:1212)
at org.testng.TestNG.runSuitesLocally(TestNG.java:1134)
at org.testng.TestNG.runSuites(TestNG.java:1063)
at org.testng.TestNG.run(TestNG.java:1031)
at org.testng.remote.AbstractRemoteTestNG.run(AbstractRemoteTestNG.java:115)
at org.testng.remote.RemoteTestNG.initAndRun(RemoteTestNG.java:251)
at org.testng.remote.RemoteTestNG.main(RemoteTestNG.java:77)
]]>
            </full-stacktrace>
          </exception> <!-- java.lang.AssertionError -->
          <reporter-output>
          </reporter-output>
        </test-method> <!-- verifyPageTitle -->
        <test-method signature="logintest()[pri:1, instance:testpkg.BMaintest2@194bcebf]" started-at="2024-06-09T16:19:00 IST" name="logintest" finished-at="2024-06-09T16:19:11 IST" duration-ms="10754" status="PASS">
          <reporter-output>
          </reporter-output>
        </test-method> <!-- logintest -->
        <test-method signature="browseitems()[pri:2, instance:testpkg.BMaintest2@194bcebf]" started-at="2024-06-09T16:19:11 IST" name="browseitems" finished-at="2024-06-09T16:19:18 IST" duration-ms="7696" status="PASS">
          <reporter-output>
          </reporter-output>
        </test-method> <!-- browseitems -->
        <test-method signature="cartprocessing()[pri:3, instance:testpkg.BMaintest2@194bcebf]" started-at="2024-06-09T16:19:18 IST" name="cartprocessing" finished-at="2024-06-09T16:19:21 IST" duration-ms="3194" status="PASS">
          <reporter-output>
          </reporter-output>
        </test-method> <!-- cartprocessing -->
        <test-method signature="viewcartprocessing()[pri:4, instance:testpkg.BMaintest2@194bcebf]" started-at="2024-06-09T16:19:21 IST" name="viewcartprocessing" finished-at="2024-06-09T16:19:27 IST" duration-ms="5477" status="PASS">
          <reporter-output>
          </reporter-output>
        </test-method> <!-- viewcartprocessing -->
        <test-method signature="removals()[pri:5, instance:testpkg.BMaintest2@194bcebf]" started-at="2024-06-09T16:19:27 IST" name="removals" finished-at="2024-06-09T16:19:30 IST" duration-ms="3094" status="PASS">
          <reporter-output>
          </reporter-output>
        </test-method> <!-- removals -->
        <test-method signature="retvalues()[pri:6, instance:testpkg.BMaintest2@194bcebf]" started-at="2024-06-09T16:19:30 IST" name="retvalues" finished-at="2024-06-09T16:19:51 IST" duration-ms="21106" status="PASS">
          <reporter-output>
          </reporter-output>
        </test-method> <!-- retvalues -->
        <test-method signature="link()[pri:7, instance:testpkg.BMaintest2@194bcebf]" started-at="2024-06-09T16:19:51 IST" name="link" finished-at="2024-06-09T16:19:56 IST" duration-ms="5223" status="PASS">
          <reporter-output>
          </reporter-output>
        </test-method> <!-- link -->
      </class> <!-- testpkg.BMaintest2 -->
    </test> <!-- Default test -->
  </suite> <!-- Default suite -->
</testng-results>
